Using pre-set license
Built from '2021.3/staging' branch; Version is '2021.3.2f1 (d6360bedb9a0) revision 14038539'; Using compiler version '192829333'; Build Type 'Release'
OS: 'Windows 11  (10.0.22000) 64bit CoreSingleLanguage' Language: 'en' Physical Memory: 16151 MB
BatchMode: 1, IsHumanControllingUs: 0, StartBugReporterOnCrash: 0, Is64bit: 1, IsPro: 1

COMMAND LINE ARGUMENTS:
C:\Program Files\Unity\Hub\Editor\2021.3.2f1\Editor\Unity.exe
-adb2
-batchMode
-noUpm
-name
AssetImportWorker2
-projectPath
C:/Users/Lenovo/Desktop/Defense-Game-Basic-
-logFile
Logs/AssetImportWorker2.log
-srvPort
64968
Successfully changed project path to: C:/Users/Lenovo/Desktop/Defense-Game-Basic-
C:/Users/Lenovo/Desktop/Defense-Game-Basic-
[UnityMemory] Configuration Parameters - Can be set up in boot.config
    "memorysetup-bucket-allocator-granularity=16"
    "memorysetup-bucket-allocator-bucket-count=8"
    "memorysetup-bucket-allocator-block-size=33554432"
    "memorysetup-bucket-allocator-block-count=8"
    "memorysetup-main-allocator-block-size=16777216"
    "memorysetup-thread-allocator-block-size=16777216"
    "memorysetup-gfx-main-allocator-block-size=16777216"
    "memorysetup-gfx-thread-allocator-block-size=16777216"
    "memorysetup-cache-allocator-block-size=4194304"
    "memorysetup-typetree-allocator-block-size=2097152"
    "memorysetup-profiler-bucket-allocator-granularity=16"
    "memorysetup-profiler-bucket-allocator-bucket-count=8"
    "memorysetup-profiler-bucket-allocator-block-size=33554432"
    "memorysetup-profiler-bucket-allocator-block-count=8"
    "memorysetup-profiler-allocator-block-size=16777216"
    "memorysetup-profiler-editor-allocator-block-size=1048576"
    "memorysetup-temp-allocator-size-main=16777216"
    "memorysetup-job-temp-allocator-block-size=2097152"
    "memorysetup-job-temp-allocator-block-size-background=1048576"
    "memorysetup-job-temp-allocator-reduction-small-platforms=262144"
    "memorysetup-temp-allocator-size-background-worker=32768"
    "memorysetup-temp-allocator-size-job-worker=262144"
    "memorysetup-temp-allocator-size-preload-manager=33554432"
    "memorysetup-temp-allocator-size-nav-mesh-worker=65536"
    "memorysetup-temp-allocator-size-audio-worker=65536"
    "memorysetup-temp-allocator-size-cloud-worker=32768"
    "memorysetup-temp-allocator-size-gi-baking-worker=262144"
    "memorysetup-temp-allocator-size-gfx=262144"
Refreshing native plugins compatible for Editor in 92.95 ms, found 4 plugins.
Preloading 0 native plugins for Editor in 0.00 ms.
Initialize engine version: 2021.3.2f1 (d6360bedb9a0)
[Subsystems] Discovering subsystems at path C:/Program Files/Unity/Hub/Editor/2021.3.2f1/Editor/Data/Resources/UnitySubsystems
[Subsystems] Discovering subsystems at path C:/Users/Lenovo/Desktop/Defense-Game-Basic-/Assets
GfxDevice: creating device client; threaded=0; jobified=0
Direct3D:
    Version:  Direct3D 11.0 [level 11.1]
    Renderer: NVIDIA GeForce RTX 3050 Ti Laptop GPU (ID=0x25e0)
    Vendor:   NVIDIA
    VRAM:     3990 MB
    Driver:   30.0.14.7256
Initialize mono
Mono path[0] = 'C:/Program Files/Unity/Hub/Editor/2021.3.2f1/Editor/Data/Managed'
Mono path[1] = 'C:/Program Files/Unity/Hub/Editor/2021.3.2f1/Editor/Data/MonoBleedingEdge/lib/mono/unityjit-win32'
Mono config path = 'C:/Program Files/Unity/Hub/Editor/2021.3.2f1/Editor/Data/MonoBleedingEdge/etc'
Using monoOptions --debugger-agent=transport=dt_socket,embedding=1,server=y,suspend=n,address=127.0.0.1:56920
Begin MonoManager ReloadAssembly
Registering precompiled unity dll's ...
Register platform support module: C:/Program Files/Unity/Hub/Editor/2021.3.2f1/Editor/Data/PlaybackEngines/WebGLSupport/UnityEditor.WebGL.Extensions.dll
Register platform support module: C:/Program Files/Unity/Hub/Editor/2021.3.2f1/Editor/Data/PlaybackEngines/AndroidPlayer/UnityEditor.Android.Extensions.dll
Register platform support module: C:/Program Files/Unity/Hub/Editor/2021.3.2f1/Editor/Data/PlaybackEngines/WindowsStandaloneSupport/UnityEditor.WindowsStandalone.Extensions.dll
Registered in 0.004797 seconds.
Native extension for WindowsStandalone target not found
Native extension for Android target not found
Native extension for WebGL target not found
Refreshing native plugins compatible for Editor in 106.03 ms, found 4 plugins.
Preloading 0 native plugins for Editor in 0.00 ms.
Mono: successfully reloaded assembly
- Completed reload, in  0.659 seconds
Domain Reload Profiling:
	ReloadAssembly (660ms)
		BeginReloadAssembly (72ms)
			ExecutionOrderSort (0ms)
			DisableScriptedObjects (0ms)
			BackupInstance (0ms)
			ReleaseScriptingObjects (0ms)
			CreateAndSetChildDomain (1ms)
		EndReloadAssembly (476ms)
			LoadAssemblies (71ms)
			RebuildTransferFunctionScriptingTraits (0ms)
			SetupTypeCache (99ms)
			ReleaseScriptCaches (0ms)
			RebuildScriptCaches (27ms)
			SetupLoadedEditorAssemblies (304ms)
				LogAssemblyErrors (0ms)
				InitializePlatformSupportModulesInManaged (50ms)
				SetLoadedEditorAssemblies (0ms)
				RefreshPlugins (106ms)
				BeforeProcessingInitializeOnLoad (2ms)
				ProcessInitializeOnLoadAttributes (105ms)
				ProcessInitializeOnLoadMethodAttributes (40ms)
				AfterProcessingInitializeOnLoad (0ms)
				EditorAssembliesLoaded (0ms)
			ExecutionOrderSort2 (0ms)
			AwakeInstancesAfterBackupRestoration (0ms)
Platform modules already initialized, skipping
Registering precompiled user dll's ...
Registered in 0.005507 seconds.
Begin MonoManager ReloadAssembly
Symbol file LoadedFromMemory doesn't match image C:\Users\Lenovo\Desktop\Defense-Game-Basic-\Library\PackageCache\com.unity.visualscripting@1.7.6\Editor\VisualScripting.Core\Dependencies\YamlDotNet\Unity.VisualScripting.YamlDotNet.dll
Symbol file LoadedFromMemory doesn't match image C:\Users\Lenovo\Desktop\Defense-Game-Basic-\Library\PackageCache\com.unity.visualscripting@1.7.6\Editor\VisualScripting.Core\Dependencies\DotNetZip\Unity.VisualScripting.IonicZip.dll
Native extension for WindowsStandalone target not found
Native extension for Android target not found
Native extension for WebGL target not found
Refreshing native plugins compatible for Editor in 85.05 ms, found 4 plugins.
Preloading 0 native plugins for Editor in 0.00 ms.
Mono: successfully reloaded assembly
- Completed reload, in  1.370 seconds
Domain Reload Profiling:
	ReloadAssembly (1371ms)
		BeginReloadAssembly (265ms)
			ExecutionOrderSort (0ms)
			DisableScriptedObjects (9ms)
			BackupInstance (0ms)
			ReleaseScriptingObjects (0ms)
			CreateAndSetChildDomain (142ms)
		EndReloadAssembly (944ms)
			LoadAssemblies (98ms)
			RebuildTransferFunctionScriptingTraits (0ms)
			SetupTypeCache (237ms)
			ReleaseScriptCaches (1ms)
			RebuildScriptCaches (57ms)
			SetupLoadedEditorAssemblies (527ms)
				LogAssemblyErrors (0ms)
				InitializePlatformSupportModulesInManaged (13ms)
				SetLoadedEditorAssemblies (0ms)
				RefreshPlugins (85ms)
				BeforeProcessingInitializeOnLoad (123ms)
				ProcessInitializeOnLoadAttributes (242ms)
				ProcessInitializeOnLoadMethodAttributes (59ms)
				AfterProcessingInitializeOnLoad (5ms)
				EditorAssembliesLoaded (0ms)
			ExecutionOrderSort2 (0ms)
			AwakeInstancesAfterBackupRestoration (6ms)
Platform modules already initialized, skipping
========================================================================
Worker process is ready to serve import requests
Launched and connected shader compiler UnityShaderCompiler.exe after 0.07 seconds
Refreshing native plugins compatible for Editor in 2.01 ms, found 4 plugins.
Preloading 0 native plugins for Editor in 0.00 ms.
Unloading 4048 Unused Serialized files (Serialized files now loaded: 0)
Unloading 43 unused Assets / (225.4 KB). Loaded Objects now: 4500.
Memory consumption went from 151.2 MB to 151.0 MB.
Total: 6.076800 ms (FindLiveObjects: 0.675400 ms CreateObjectMapping: 0.293700 ms MarkObjects: 4.723300 ms  DeleteObjects: 0.382700 ms)

AssetImportParameters requested are different than current active one (requested -> active):
  custom:video-decoder-ogg-theora: a1e56fd34408186e4bbccfd4996cb3dc -> 
  custom:container-muxer-webm: aa71ff27fc2769a1b78a27578f13a17b -> 
  custom:container-demuxer-webm: 4f35f7cbe854078d1ac9338744f61a02 -> 
  custom:video-encoder-webm-vp8: eb34c28f22e8b96e1ab97ce403110664 -> 
  custom:video-codec-MediaFoundation-h265: 746d11721c4dcdbdad8f713fa42b33f4 -> 
  custom:audio-encoder-webm-vorbis: bf7c407c2cedff20999df2af8eb42d56 -> 
  custom:framework-win-MediaFoundation: 216162199b28c13a410421893ffa2e32 -> 
  custom:container-demuxer-ogg: 62fdf1f143b41e24485cea50d1cbac27 -> 
  custom:video-decoder-webm-vp8: 9c59270c3fd7afecdb556c50c9e8de78 -> 
  custom:audio-decoder-ogg-vorbis: bf7c407c2cedff20999df2af8eb42d56 -> 
========================================================================
Received Import Request.
  Time since last request: 3059.139687 seconds.
  path: Assets/Tung9120/Defense_Game_Basic/Arts/Sprites/Hero/02/Attack
  artifactKey: Guid(8f01cb9ad8200404da05b2821dd8ebf4) Importer(815301076,1909f56bfc062723c751e8b465ee728b)
Start importing Assets/Tung9120/Defense_Game_Basic/Arts/Sprites/Hero/02/Attack using Guid(8f01cb9ad8200404da05b2821dd8ebf4) Importer(815301076,1909f56bfc062723c751e8b465ee728b)  -> (artifact id: '05d1c590999e62ce7f4c12a82f8de911') in 0.013766 seconds 
========================================================================
Received Import Request.
  Time since last request: 0.022197 seconds.
  path: Assets/Tung9120/Defense_Game_Basic/Arts/Sprites/Hero/02/Attack/Attack_00.png
  artifactKey: Guid(44a2006a68488e7469f428905ec8cd64) Importer(815301076,1909f56bfc062723c751e8b465ee728b)
Start importing Assets/Tung9120/Defense_Game_Basic/Arts/Sprites/Hero/02/Attack/Attack_00.png using Guid(44a2006a68488e7469f428905ec8cd64) Importer(815301076,1909f56bfc062723c751e8b465ee728b)  -> (artifact id: 'c61b3d06fb451616e1d50a0692554333') in 0.184345 seconds 
========================================================================
Received Import Request.
  Time since last request: 0.000041 seconds.
  path: Assets/Tung9120/Defense_Game_Basic/Arts/Sprites/Hero/02/Attack/Attack_07.png
  artifactKey: Guid(bedf29de9896ef34eb7f65347e819d89) Importer(815301076,1909f56bfc062723c751e8b465ee728b)
Start importing Assets/Tung9120/Defense_Game_Basic/Arts/Sprites/Hero/02/Attack/Attack_07.png using Guid(bedf29de9896ef34eb7f65347e819d89) Importer(815301076,1909f56bfc062723c751e8b465ee728b)  -> (artifact id: 'e24c49f01b7aed3fbb5b56888c049a97') in 0.054529 seconds 
========================================================================
Received Import Request.
  Time since last request: 0.000109 seconds.
  path: Assets/Tung9120/Defense_Game_Basic/Arts/Sprites/Hero/02/Attack/Attack_12.png
  artifactKey: Guid(7e9adaccc4db302479193c75c9ded216) Importer(815301076,1909f56bfc062723c751e8b465ee728b)
Start importing Assets/Tung9120/Defense_Game_Basic/Arts/Sprites/Hero/02/Attack/Attack_12.png using Guid(7e9adaccc4db302479193c75c9ded216) Importer(815301076,1909f56bfc062723c751e8b465ee728b)  -> (artifact id: 'cc243d622afcfa3305e83493cfc3eda5') in 0.043724 seconds 
========================================================================
Received Import Request.
  Time since last request: 17.674100 seconds.
  path: Assets/Tung9120/Defense_Game_Basic/Arts/Sprites/Invironment/Sample.png
  artifactKey: Guid(27f7d29215b23ef499ec50af2208ed42) Importer(815301076,1909f56bfc062723c751e8b465ee728b)
Start importing Assets/Tung9120/Defense_Game_Basic/Arts/Sprites/Invironment/Sample.png using Guid(27f7d29215b23ef499ec50af2208ed42) Importer(815301076,1909f56bfc062723c751e8b465ee728b)  -> (artifact id: 'c29ecb62a94b66f747ed6bb22fcbdc4e') in 0.170850 seconds 
========================================================================
Received Import Request.
  Time since last request: 233.617815 seconds.
  path: Assets/Tung9120/Defense_Game_Basic/Scenes/New Scene.unity
  artifactKey: Guid(6b3a0bbf69a57054b81418927d325a5e) Importer(815301076,1909f56bfc062723c751e8b465ee728b)
Start importing Assets/Tung9120/Defense_Game_Basic/Scenes/New Scene.unity using Guid(6b3a0bbf69a57054b81418927d325a5e) Importer(815301076,1909f56bfc062723c751e8b465ee728b)  -> (artifact id: 'f1cc2f21c20c1db1dc5480f99b6ffc72') in 0.013345 seconds 
========================================================================
Received Import Request.
  Time since last request: 233.246239 seconds.
  path: Assets/Tung9120/Defense_Game_Basic/Arts/Background_2d_free.png
  artifactKey: Guid(9d584505a25063d4184302e7b4d61f31) Importer(815301076,1909f56bfc062723c751e8b465ee728b)
Start importing Assets/Tung9120/Defense_Game_Basic/Arts/Background_2d_free.png using Guid(9d584505a25063d4184302e7b4d61f31) Importer(815301076,1909f56bfc062723c751e8b465ee728b)  -> (artifact id: 'a0f14d274577f4aa5d86e005283e3af6') in 0.107268 seconds 
========================================================================
Received Import Request.
  Time since last request: 6.938112 seconds.
  path: Assets/Tung9120/Defense_Game_Basic/Arts/Sprites/Invironment
  artifactKey: Guid(05a36a18d03917c40b3db877323c9d9f) Importer(815301076,1909f56bfc062723c751e8b465ee728b)
Start importing Assets/Tung9120/Defense_Game_Basic/Arts/Sprites/Invironment using Guid(05a36a18d03917c40b3db877323c9d9f) Importer(815301076,1909f56bfc062723c751e8b465ee728b)  -> (artifact id: '90acfcd25132b78fb8c62966dbaa9ddd') in 0.010173 seconds 
========================================================================
Received Import Request.
  Time since last request: 90.304200 seconds.
  path: Assets/Tung9120/Defense_Game_Basic/Arts/Sprites/Hero/01/Death/Death_00.png
  artifactKey: Guid(66d7aa99ad7f1c84c8af772a4e57e705) Importer(815301076,1909f56bfc062723c751e8b465ee728b)
Start importing Assets/Tung9120/Defense_Game_Basic/Arts/Sprites/Hero/01/Death/Death_00.png using Guid(66d7aa99ad7f1c84c8af772a4e57e705) Importer(815301076,1909f56bfc062723c751e8b465ee728b)  -> (artifact id: '454a9b46e95456c06180bc9b1b88d9db') in 0.067079 seconds 
========================================================================
Received Import Request.
  Time since last request: 0.000046 seconds.
  path: Assets/Tung9120/Defense_Game_Basic/Arts/Sprites/Hero/01/Death/Death_14.png
  artifactKey: Guid(d608067fedd068b4480194575ce37ebc) Importer(815301076,1909f56bfc062723c751e8b465ee728b)
Start importing Assets/Tung9120/Defense_Game_Basic/Arts/Sprites/Hero/01/Death/Death_14.png using Guid(d608067fedd068b4480194575ce37ebc) Importer(815301076,1909f56bfc062723c751e8b465ee728b)  -> (artifact id: 'ef3f28ae9abedcee3eb82cc0eb1e1eab') in 0.062886 seconds 
========================================================================
Received Import Request.
  Time since last request: 0.000136 seconds.
  path: Assets/Tung9120/Defense_Game_Basic/Arts/Sprites/Hero/01/Death/Death_05.png
  artifactKey: Guid(2dc880377469c6c419c5dcfe3253dd4f) Importer(815301076,1909f56bfc062723c751e8b465ee728b)
Start importing Assets/Tung9120/Defense_Game_Basic/Arts/Sprites/Hero/01/Death/Death_05.png using Guid(2dc880377469c6c419c5dcfe3253dd4f) Importer(815301076,1909f56bfc062723c751e8b465ee728b)  -> (artifact id: '89d06ddca3edcfa3f462df2a7ab5726f') in 0.055073 seconds 
========================================================================
Received Import Request.
  Time since last request: 0.000112 seconds.
  path: Assets/Tung9120/Defense_Game_Basic/Arts/Sprites/Hero/01/Death/Death_11.png
  artifactKey: Guid(4a9d98d78cfc3ae4e8a5f5641c166d0e) Importer(815301076,1909f56bfc062723c751e8b465ee728b)
Start importing Assets/Tung9120/Defense_Game_Basic/Arts/Sprites/Hero/01/Death/Death_11.png using Guid(4a9d98d78cfc3ae4e8a5f5641c166d0e) Importer(815301076,1909f56bfc062723c751e8b465ee728b)  -> (artifact id: '7279c275b3abb9fef476e0af9208d3d4') in 0.048544 seconds 
========================================================================
Received Import Request.
  Time since last request: 0.000101 seconds.
  path: Assets/Tung9120/Defense_Game_Basic/Arts/Sprites/Hero/01/Death/Death_10.png
  artifactKey: Guid(88d96668504cda8498d0c25e0f988fc7) Importer(815301076,1909f56bfc062723c751e8b465ee728b)
Start importing Assets/Tung9120/Defense_Game_Basic/Arts/Sprites/Hero/01/Death/Death_10.png using Guid(88d96668504cda8498d0c25e0f988fc7) Importer(815301076,1909f56bfc062723c751e8b465ee728b)  -> (artifact id: 'f4fd96c5e8096b9b41ef747ee0a316ff') in 0.053131 seconds 
========================================================================
Received Import Request.
  Time since last request: 0.000032 seconds.
  path: Assets/Tung9120/Defense_Game_Basic/Arts/Sprites/Hero/01/Death/Death_04.png
  artifactKey: Guid(4d8f74f43fbf52a4590103f2d4e83b4b) Importer(815301076,1909f56bfc062723c751e8b465ee728b)
Start importing Assets/Tung9120/Defense_Game_Basic/Arts/Sprites/Hero/01/Death/Death_04.png using Guid(4d8f74f43fbf52a4590103f2d4e83b4b) Importer(815301076,1909f56bfc062723c751e8b465ee728b)  -> (artifact id: '1f4f0a6bdfd3afda91438f170424ecfc') in 0.046457 seconds 
========================================================================
Received Import Request.
  Time since last request: 0.000083 seconds.
  path: Assets/Tung9120/Defense_Game_Basic/Arts/Sprites/Hero/01/Death/Death_13.png
  artifactKey: Guid(c06b997a7dba64841a9a2828516bd7cf) Importer(815301076,1909f56bfc062723c751e8b465ee728b)
Start importing Assets/Tung9120/Defense_Game_Basic/Arts/Sprites/Hero/01/Death/Death_13.png using Guid(c06b997a7dba64841a9a2828516bd7cf) Importer(815301076,1909f56bfc062723c751e8b465ee728b)  -> (artifact id: '9fdea72b3c76269b639d8080a248fdde') in 0.061429 seconds 
========================================================================
Received Import Request.
  Time since last request: 0.000075 seconds.
  path: Assets/Tung9120/Defense_Game_Basic/Arts/Sprites/Hero/01/Death/Death_09.png
  artifactKey: Guid(ec81e021d7f283c42961f721fe4f06f1) Importer(815301076,1909f56bfc062723c751e8b465ee728b)
Start importing Assets/Tung9120/Defense_Game_Basic/Arts/Sprites/Hero/01/Death/Death_09.png using Guid(ec81e021d7f283c42961f721fe4f06f1) Importer(815301076,1909f56bfc062723c751e8b465ee728b)  -> (artifact id: '4cb381f7f032dfa217b21453c4345176') in 0.054294 seconds 
========================================================================
Received Import Request.
  Time since last request: 0.000112 seconds.
  path: Assets/Tung9120/Defense_Game_Basic/Arts/Sprites/Hero/01/Death/Death_02.png
  artifactKey: Guid(81fed609e66e2cb4fa9a4cf4521862a1) Importer(815301076,1909f56bfc062723c751e8b465ee728b)
Start importing Assets/Tung9120/Defense_Game_Basic/Arts/Sprites/Hero/01/Death/Death_02.png using Guid(81fed609e66e2cb4fa9a4cf4521862a1) Importer(815301076,1909f56bfc062723c751e8b465ee728b)  -> (artifact id: '76322c9cd47b4301b06877b4c05ac765') in 0.051627 seconds 
========================================================================
Received Import Request.
  Time since last request: 0.000107 seconds.
  path: Assets/Tung9120/Defense_Game_Basic/Arts/Sprites/Hero/01/Death/Death_08.png
  artifactKey: Guid(63b77e5aedb4eaa41970e68bbf42f5d0) Importer(815301076,1909f56bfc062723c751e8b465ee728b)
Start importing Assets/Tung9120/Defense_Game_Basic/Arts/Sprites/Hero/01/Death/Death_08.png using Guid(63b77e5aedb4eaa41970e68bbf42f5d0) Importer(815301076,1909f56bfc062723c751e8b465ee728b)  -> (artifact id: 'e2c406d94d64bd4cfd7a50e62c4e5c14') in 0.054163 seconds 
========================================================================
Received Import Request.
  Time since last request: 15.384698 seconds.
  path: Assets/Tung9120/Defense_Game_Basic/Arts/Sprites/Hero/03/Attack/Attack_01.png
  artifactKey: Guid(54329d8ecc5713049a316620ff0991b6) Importer(815301076,1909f56bfc062723c751e8b465ee728b)
Start importing Assets/Tung9120/Defense_Game_Basic/Arts/Sprites/Hero/03/Attack/Attack_01.png using Guid(54329d8ecc5713049a316620ff0991b6) Importer(815301076,1909f56bfc062723c751e8b465ee728b)  -> (artifact id: '60f80fb02ebe7ce2638cfa9a888e7dfb') in 0.082401 seconds 
========================================================================
Received Import Request.
  Time since last request: 0.000058 seconds.
  path: Assets/Tung9120/Defense_Game_Basic/Arts/Sprites/Hero/03/Attack/Attack_12.png
  artifactKey: Guid(c3c7437779154534d9f7e76c57cdc997) Importer(815301076,1909f56bfc062723c751e8b465ee728b)
Start importing Assets/Tung9120/Defense_Game_Basic/Arts/Sprites/Hero/03/Attack/Attack_12.png using Guid(c3c7437779154534d9f7e76c57cdc997) Importer(815301076,1909f56bfc062723c751e8b465ee728b)  -> (artifact id: 'a1587cb48ebfb5bddc60602d12938ec6') in 0.051883 seconds 
========================================================================
Received Import Request.
  Time since last request: 0.000042 seconds.
  path: Assets/Tung9120/Defense_Game_Basic/Arts/Sprites/Hero/03/Attack/Attack_23.png
  artifactKey: Guid(c365d31586d68864d9b21c30f345d626) Importer(815301076,1909f56bfc062723c751e8b465ee728b)
Start importing Assets/Tung9120/Defense_Game_Basic/Arts/Sprites/Hero/03/Attack/Attack_23.png using Guid(c365d31586d68864d9b21c30f345d626) Importer(815301076,1909f56bfc062723c751e8b465ee728b)  -> (artifact id: '4cd8ff83cd2043c27f23e84f0ce72555') in 0.052789 seconds 
========================================================================
Received Import Request.
  Time since last request: 0.000046 seconds.
  path: Assets/Tung9120/Defense_Game_Basic/Arts/Sprites/Hero/03/Attack/Attack_29.png
  artifactKey: Guid(b01a676311a249d4fb0409576ab111bd) Importer(815301076,1909f56bfc062723c751e8b465ee728b)
Start importing Assets/Tung9120/Defense_Game_Basic/Arts/Sprites/Hero/03/Attack/Attack_29.png using Guid(b01a676311a249d4fb0409576ab111bd) Importer(815301076,1909f56bfc062723c751e8b465ee728b)  -> (artifact id: '7309de7c0060d060ba4740da279b810f') in 0.052736 seconds 
========================================================================
Received Import Request.
  Time since last request: 0.000040 seconds.
  path: Assets/Tung9120/Defense_Game_Basic/Arts/Sprites/Hero/03/Attack/Attack_18.png
  artifactKey: Guid(484f7e7cc1adb024fb8293e258abe87b) Importer(815301076,1909f56bfc062723c751e8b465ee728b)
Start importing Assets/Tung9120/Defense_Game_Basic/Arts/Sprites/Hero/03/Attack/Attack_18.png using Guid(484f7e7cc1adb024fb8293e258abe87b) Importer(815301076,1909f56bfc062723c751e8b465ee728b)  -> (artifact id: 'ca4c6e65201d1dc0dcf2a31534e8d059') in 0.054067 seconds 
========================================================================
Received Import Request.
  Time since last request: 0.000040 seconds.
  path: Assets/Tung9120/Defense_Game_Basic/Arts/Sprites/Hero/03/Attack/Attack_21.png
  artifactKey: Guid(c25a200b194eb924daa4087ddd734b88) Importer(815301076,1909f56bfc062723c751e8b465ee728b)
Start importing Assets/Tung9120/Defense_Game_Basic/Arts/Sprites/Hero/03/Attack/Attack_21.png using Guid(c25a200b194eb924daa4087ddd734b88) Importer(815301076,1909f56bfc062723c751e8b465ee728b)  -> (artifact id: 'cc5fc6a1b534e3d53fc7861fbb1aa445') in 0.055861 seconds 
========================================================================
Received Import Request.
  Time since last request: 0.000036 seconds.
  path: Assets/Tung9120/Defense_Game_Basic/Arts/Sprites/Hero/03/Attack/Attack_16.png
  artifactKey: Guid(76bb14ac149a94343ad55e57a876a4e8) Importer(815301076,1909f56bfc062723c751e8b465ee728b)
Start importing Assets/Tung9120/Defense_Game_Basic/Arts/Sprites/Hero/03/Attack/Attack_16.png using Guid(76bb14ac149a94343ad55e57a876a4e8) Importer(815301076,1909f56bfc062723c751e8b465ee728b)  -> (artifact id: '4ad430568d77e8dd32d0ac058403ece5') in 0.053399 seconds 
========================================================================
Received Import Request.
  Time since last request: 0.000050 seconds.
  path: Assets/Tung9120/Defense_Game_Basic/Arts/Sprites/Hero/03/Attack/Attack_06.png
  artifactKey: Guid(8ee1810921be9af48a47141fb4e266ac) Importer(815301076,1909f56bfc062723c751e8b465ee728b)
Start importing Assets/Tung9120/Defense_Game_Basic/Arts/Sprites/Hero/03/Attack/Attack_06.png using Guid(8ee1810921be9af48a47141fb4e266ac) Importer(815301076,1909f56bfc062723c751e8b465ee728b)  -> (artifact id: '62b70e068287ff4f2a94ccde8fafcc83') in 0.055626 seconds 
Editor requested this worker to shutdown with reason: Scaling down because of idle timeout
AssetImportWorker is now disconnected from the server
Process exiting
Exiting without the bug reporter. Application will terminate with return code 0